<?xml version="1.0" encoding="UTF-8"?>
<!-- Generated by org.testng.reporters.JUnitXMLReporter -->
<testsuite ignored="0" hostname="DESKTOP-JBC9L0D" failures="4" tests="4" name="Test" time="255.067" errors="0" timestamp="16 May 2024 05:05:02 GMT">
  <testcase classname="homeassignment.Day81231" name="setup" time="40.331">
    <failure type="java.lang.AssertionError" message="expected [https://the-internet.herokuapp.com/login] but found [The Internet]">
      <![CDATA[java.lang.AssertionError: expected [https://the-internet.herokuapp.com/login] but found [The Internet]
at homeassignment.Day81231.setup(Day81231.java:46)
at java.base/java.util.concurrent.ThreadPoolExecutor.runWorker(ThreadPoolExecutor.java:1136)
at java.base/java.util.concurrent.ThreadPoolExecutor$Worker.run(ThreadPoolExecutor.java:635)
at java.base/java.lang.Thread.run(Thread.java:840)
... Removed 16 stack frames]]>
    </failure>
  </testcase> <!-- setup -->
  <testcase classname="homeassignment.Day81231" name="edgetest" time="78.916">
    <failure type="java.lang.AssertionError" message="expected [https://the-internet.herokuapp.com/login] but found [The Internet]">
      <![CDATA[java.lang.AssertionError: expected [https://the-internet.herokuapp.com/login] but found [The Internet]
at homeassignment.Day81231.edgetest(Day81231.java:104)
at java.base/java.util.concurrent.ThreadPoolExecutor.runWorker(ThreadPoolExecutor.java:1136)
at java.base/java.util.concurrent.ThreadPoolExecutor$Worker.run(ThreadPoolExecutor.java:635)
at java.base/java.lang.Thread.run(Thread.java:840)
... Removed 16 stack frames]]>
    </failure>
  </testcase> <!-- edgetest -->
  <testcase classname="homeassignment.Day81231" name="firefoxtest" time="162.497">
    <failure type="java.lang.AssertionError" message="expected [https://the-internet.herokuapp.com/login] but found [The Internet]">
      <![CDATA[java.lang.AssertionError: expected [https://the-internet.herokuapp.com/login] but found [The Internet]
at homeassignment.Day81231.firefoxtest(Day81231.java:66)
at java.base/java.util.concurrent.ThreadPoolExecutor.runWorker(ThreadPoolExecutor.java:1136)
at java.base/java.util.concurrent.ThreadPoolExecutor$Worker.run(ThreadPoolExecutor.java:635)
at java.base/java.lang.Thread.run(Thread.java:840)
... Removed 16 stack frames]]>
    </failure>
  </testcase> <!-- firefoxtest -->
  <testcase classname="homeassignment.Day81231" name="IEtest" time="253.75">
    <failure type="org.openqa.selenium.TimeoutException" message="java.util.concurrent.TimeoutException
Build info: version: &amp;apos;4.20.0&amp;apos;, revision: &amp;apos;866c76ca80&amp;apos;
System info: os.name: &amp;apos;Windows 11&amp;apos;, os.arch: &amp;apos;amd64&amp;apos;, os.version: &amp;apos;10.0&amp;apos;, java.version: &amp;apos;17.0.10&amp;apos;
Driver info: org.openqa.selenium.ie.InternetExplorerDriver
Command: [2aeef9ff-737e-4172-b732-1cfc232bb98e, get {url=https://the-internet.herokuapp.com/login}]
Capabilities {acceptInsecureCerts: false, browserName: internet explorer, browserVersion: 11, pageLoadStrategy: normal, platformName: windows, proxy: Proxy(), se:ieOptions: {browserAttachTimeout: 0, elementScrollBehavior: 0, enablePersistentHover: true, ie.browserCommandLineSwitches: , ie.edgechromium: false, ie.edgepath: , ie.ensureCleanSession: false, ie.fileUploadDialogTimeout: 3000, ie.forceCreateProcessApi: false, ie.ignoreprocessmatch: false, ignoreProtectedModeSettings: false, ignoreZoomSetting: true, initialBrowserUrl: http://localhost:38719/, nativeEvents: true, requireWindowFocus: false}, setWindowRect: true, strictFileInteractability: false, timeouts: {implicit: 0, pageLoad: 300000, script: 30000}, unhandledPromptBehavior: dismiss and notify}
Session ID: 2aeef9ff-737e-4172-b732-1cfc232bb98e">
      <![CDATA[org.openqa.selenium.TimeoutException: java.util.concurrent.TimeoutException
Build info: version: '4.20.0', revision: '866c76ca80'
System info: os.name: 'Windows 11', os.arch: 'amd64', os.version: '10.0', java.version: '17.0.10'
Driver info: org.openqa.selenium.ie.InternetExplorerDriver
Command: [2aeef9ff-737e-4172-b732-1cfc232bb98e, get {url=https://the-internet.herokuapp.com/login}]
Capabilities {acceptInsecureCerts: false, browserName: internet explorer, browserVersion: 11, pageLoadStrategy: normal, platformName: windows, proxy: Proxy(), se:ieOptions: {browserAttachTimeout: 0, elementScrollBehavior: 0, enablePersistentHover: true, ie.browserCommandLineSwitches: , ie.edgechromium: false, ie.edgepath: , ie.ensureCleanSession: false, ie.fileUploadDialogTimeout: 3000, ie.forceCreateProcessApi: false, ie.ignoreprocessmatch: false, ignoreProtectedModeSettings: false, ignoreZoomSetting: true, initialBrowserUrl: http://localhost:38719/, nativeEvents: true, requireWindowFocus: false}, setWindowRect: true, strictFileInteractability: false, timeouts: {implicit: 0, pageLoad: 300000, script: 30000}, unhandledPromptBehavior: dismiss and notify}
Session ID: 2aeef9ff-737e-4172-b732-1cfc232bb98e
at org.openqa.selenium.remote.http.jdk.JdkHttpClient.execute0(JdkHttpClient.java:396)
at org.openqa.selenium.remote.http.AddSeleniumUserAgent.lambda$apply$0(AddSeleniumUserAgent.java:42)
at org.openqa.selenium.remote.http.Filter.lambda$andFinally$1(Filter.java:55)
at org.openqa.selenium.remote.http.jdk.JdkHttpClient.execute(JdkHttpClient.java:352)
at org.openqa.selenium.remote.HttpCommandExecutor.execute(HttpCommandExecutor.java:187)
at org.openqa.selenium.remote.service.DriverCommandExecutor.invokeExecute(DriverCommandExecutor.java:216)
at org.openqa.selenium.remote.service.DriverCommandExecutor.execute(DriverCommandExecutor.java:174)
at org.openqa.selenium.remote.RemoteWebDriver.execute(RemoteWebDriver.java:518)
at org.openqa.selenium.remote.RemoteWebDriver.get(RemoteWebDriver.java:300)
at homeassignment.Day81231.IEtest(Day81231.java:74)
at java.base/java.util.concurrent.ThreadPoolExecutor.runWorker(ThreadPoolExecutor.java:1136)
at java.base/java.util.concurrent.ThreadPoolExecutor$Worker.run(ThreadPoolExecutor.java:635)
at java.base/java.lang.Thread.run(Thread.java:840)
Caused by: java.util.concurrent.TimeoutException
at java.base/java.util.concurrent.CompletableFuture.timedGet(CompletableFuture.java:1960)
at java.base/java.util.concurrent.CompletableFuture.get(CompletableFuture.java:2095)
at org.openqa.selenium.remote.http.jdk.JdkHttpClient.execute0(JdkHttpClient.java:379)
... 22 more
... Removed 10 stack frames]]>
    </failure>
  </testcase> <!-- IEtest -->
</testsuite> <!-- Test -->
